<?xml version="1.0" encoding="UTF-8" standalone="no"?><testsuites><testsuite errors="0" failures="0" hostname="038496d92151b53a_LGE_Nexus5" name="com.hayav.test" tests="1" time="0.7050" timestamp="Tue Mar 25 10:59:14 IST 2014"><properties><property name="java.runtime.name" value="OpenJDK Runtime Environment"/><property name="sun.boot.library.path" value="/usr/lib/jvm/java-7-openjdk-i386/jre/lib/i386"/><property name="java.vm.version" value="23.7-b01"/><property name="java.vm.vendor" value="Oracle Corporation"/><property name="java.vendor.url" value="http://java.oracle.com/"/><property name="guice.disable.misplaced.annotation.check" value="true"/><property name="path.separator" value=":"/><property name="java.vm.name" value="OpenJDK Server VM"/><property name="file.encoding.pkg" value="sun.io"/><property name="user.country" value="US"/><property name="sun.java.launcher" value="SUN_STANDARD"/><property name="sun.os.patch.level" value="unknown"/><property name="java.vm.specification.name" value="Java Virtual Machine Specification"/><property name="user.dir" value="/home/pablo/github/hayav"/><property name="java.runtime.version" value="1.7.0_25-b30"/><property name="java.awt.graphicsenv" value="sun.awt.X11GraphicsEnvironment"/><property name="java.endorsed.dirs" value="/usr/lib/jvm/java-7-openjdk-i386/jre/lib/endorsed"/><property name="os.arch" value="i386"/><property name="java.io.tmpdir" value="/tmp"/><property name="line.separator" value="&#10;"/><property name="java.vm.specification.vendor" value="Oracle Corporation"/><property name="os.name" value="Linux"/><property name="classworlds.conf" value="/usr/share/maven/bin/m2.conf"/><property name="sun.jnu.encoding" value="UTF-8"/><property name="java.library.path" value="/usr/java/packages/lib/i386:/usr/lib/jni:/lib:/usr/lib"/><property name="java.specification.name" value="Java Platform API Specification"/><property name="java.class.version" value="51.0"/><property name="sun.management.compiler" value="HotSpot Tiered Compilers"/><property name="os.version" value="3.2.0-23-generic-pae"/><property name="user.home" value="/home/pablo"/><property name="user.timezone" value="Asia/Jerusalem"/><property name="java.awt.printerjob" value="sun.print.PSPrinterJob"/><property name="file.encoding" value="UTF-8"/><property name="java.specification.version" value="1.7"/><property name="java.class.path" value="/usr/share/maven/boot/plexus-classworlds-2.x.jar"/><property name="user.name" value="pablo"/><property name="java.vm.specification.version" value="1.7"/><property name="sun.java.command" value="org.codehaus.plexus.classworlds.launcher.Launcher clean install"/><property name="java.home" value="/usr/lib/jvm/java-7-openjdk-i386/jre"/><property name="sun.arch.data.model" value="32"/><property name="user.language" value="en"/><property name="java.specification.vendor" value="Oracle Corporation"/><property name="awt.toolkit" value="sun.awt.X11.XToolkit"/><property name="java.vm.info" value="mixed mode"/><property name="java.version" value="1.7.0_25"/><property name="securerandom.source" value="file:/dev/./urandom"/><property name="java.ext.dirs" value="/usr/lib/jvm/java-7-openjdk-i386/jre/lib/ext:/usr/java/packages/lib/ext"/><property name="sun.boot.class.path" value="/usr/lib/jvm/java-7-openjdk-i386/jre/lib/resources.jar:/usr/lib/jvm/java-7-openjdk-i386/jre/lib/rt.jar:/usr/lib/jvm/java-7-openjdk-i386/jre/lib/sunrsasign.jar:/usr/lib/jvm/java-7-openjdk-i386/jre/lib/jsse.jar:/usr/lib/jvm/java-7-openjdk-i386/jre/lib/jce.jar:/usr/lib/jvm/java-7-openjdk-i386/jre/lib/charsets.jar:/usr/lib/jvm/java-7-openjdk-i386/jre/lib/netx.jar:/usr/lib/jvm/java-7-openjdk-i386/jre/lib/plugin.jar:/usr/lib/jvm/java-7-openjdk-i386/jre/lib/rhino.jar:/usr/lib/jvm/java-7-openjdk-i386/jre/lib/jfr.jar:/usr/lib/jvm/java-7-openjdk-i386/jre/classes"/><property name="java.vendor" value="Oracle Corporation"/><property name="maven.home" value="/usr/share/maven"/><property name="file.separator" value="/"/><property name="java.vendor.url.bug" value="http://bugreport.sun.com/bugreport/"/><property name="sun.io.unicode.encoding" value="UnicodeLittle"/><property name="sun.cpu.endian" value="little"/><property name="sun.desktop" value="gnome"/><property name="sun.cpu.isalist" value=""/><property name="ro.product.manufacturer" value="LGE"/><property name="gsm.sim.operator.alpha" value="012 Mobile"/><property name="sys.settings_secure_version" value="13"/><property name="net.tcp.buffersize.hsupa" value="4094,87380,704512,4096,16384,110208"/><property name="persist.audio.dualmic.config" value="endfire"/><property name="ro.com.android.wifi-watchlist" value="GoogleGuest"/><property name="init.svc.netmgrd" value="running"/><property name="ro.qualcomm.sensors.georv" value="true"/><property name="persist.sys.profiler_ms" value="0"/><property name="init.svc.ueventd" value="running"/><property name="ro.hwui.text_small_cache_width" value="1024"/><property name="ro.product.model" value="Nexus 5"/><property name="gsm.operator.iso-country" value="il"/><property name="ro.boot.hardware.sku" value="D821"/><property name="persist.audio.handset.mic.type" value="digital"/><property name="init.svc.bridgemgrd" value="running"/><property name="init.svc.irsc_util" value="stopped"/><property name="ro.qc.sensors.max_rotvec" value="200"/><property name="ro.bootloader" value="HHZ11k"/><property name="init.svc.vold" value="running"/><property name="ro.boot.serialno" value="038496d92151b53a"/><property name="sys.settings_global_version" value="2"/><property name="net.hostname" value="android-5ad563bd751c4c1d"/><property name="keyguard.no_require_sim" value="true"/><property name="ro.facelock.rec_timeout" value="2500"/><property name="ro.hwui.text_large_cache_height" value="1024"/><property name="ro.build.version.sdk" value="19"/><property name="sys.usb.config" value="mtp,adb"/><property name="init.svc.time_daemon" value="running"/><property name="persist.service.bdroid.bdaddr" value="BC:F5:AC:61:AC:6A"/><property name="ril.ecclist" value="911,*911,#911,112,100,101,102"/><property name="ro.qc.sensors.max_ortn" value="200"/><property name="gsm.operator.isroaming" value="false"/><property name="ro.qc.sensors.step_counter" value="true"/><property name="dhcp.wlan0.dns3" value=""/><property name="ro.facelock.lively_timeout" value="2500"/><property name="dhcp.wlan0.dns2" value=""/><property name="dhcp.wlan0.dns1" value="10.100.24.1"/><property name="persist.radio.mode_pref_nv10" value="1"/><property name="ro.error.receiver.system.apps" value="com.google.android.gms"/><property name="dhcp.wlan0.dns4" value=""/><property name="ro.allow.mock.location" value="0"/><property name="ro.boot.baseband" value="msm"/><property name="net.tcp.buffersize.wifi" value="524288,1048576,2097152,262144,524288,1048576"/><property name="persist.radio.apm_sim_not_pwdn" value="1"/><property name="persist.radio.nitz_sons_2_0" value=""/><property name="gsm.version.baseband" value="M8974A-1.0.25.0.23"/><property name="ro.crypto.fuse_sdcard" value="true"/><property name="ro.qc.sensors.smgr_mag_cal_en" value="true"/><property name="ro.product.brand" value="google"/><property name="dhcp.wlan0.result" value="ok"/><property name="sys.sysctl.extra_free_kbytes" value="24300"/><property name="dalvik.vm.heaptargetutilization" value="0.75"/><property name="ro.product.device" value="hammerhead"/><property name="debug.qualcomm.sns.libsensor1" value="w"/><property name="ro.hwui.gradient_cache_size" value="1"/><property name="dev.bootcomplete" value="1"/><property name="ro.setupwizard.enterprise_mode" value="1"/><property name="gsm.sim.state" value="READY"/><property name="ro.hardware" value="hammerhead"/><property name="init.svc.qcamerasvr" value="running"/><property name="ro.build.id" value="KOT49H"/><property name="net.tcp.buffersize.hspap" value="4094,87380,1220608,4096,16384,1220608"/><property name="persist.audio.fluence.voicerec" value="false"/><property name="rild.libpath" value="/system/lib/libril-qc-qmi-1.so"/><property name="sys.boot_completed" value="1"/><property name="ro.product.name" value="hammerhead"/><property name="net.change" value="net.rmnet0.gw"/><property name="ro.build.tags" value="release-keys"/><property name="init.svc.drm" value="running"/><property name="ro.build.version.codename" value="REL"/><property name="ro.product.cpu.abi" value="armeabi-v7a"/><property name="dhcp.wlan0.pid" value="11085"/><property name="ro.sf.lcd_density" value="480"/><property name="dhcp.wlan0.vendorInfo" value=""/><property name="persist.audio.fluence.voicecall" value="true"/><property name="dalvik.vm.heapsize" value="512m"/><property name="init.svc.bootanim" value="stopped"/><property name="dalvik.vm.stack-trace-file" value="/data/anr/traces.txt"/><property name="ro.com.google.clientidbase" value="android-google"/><property name="net.tcp.buffersize.edge" value="4093,26280,35040,4096,16384,35040"/><property name="ro.serialno" value="038496d92151b53a"/><property name="dalvik.vm.heapmaxfree" value="8m"/><property name="ro.build.date" value="Wed Dec  4 23:52:49 UTC 2013"/><property name="ro.com.android.dataroaming" value="false"/><property name="ro.boot.hardware.display" value="orise"/><property name="init.svc.sensors" value="running"/><property name="ro.qc.sensors.max_accel_rate" value="200"/><property name="vold.post_fs_data_done" value="1"/><property name="wlan.driver.status" value="ok"/><property name="ro.product.cpu.abi2" value="armeabi"/><property name="drm.service.enabled" value="true"/><property name="init.svc.zygote" value="running"/><property name="init.svc.servicemanager" value="running"/><property name="ro.boot.hardware.ddr" value="hynix"/><property name="ro.build.user" value="android-build"/><property name="gsm.sim.operator.iso-country" value="il"/><property name="ro.facelock.det_timeout" value="1500"/><property name="ro.qc.sensors.max_grav" value="200"/><property name="ro.boot.hardware" value="hammerhead"/><property name="ro.config.ringtone" value="Titania.ogg"/><property name="persist.radio.nitz_sons_1_0" value=""/><property name="init.svc.qseecomd" value="running"/><property name="ro.secure" value="1"/><property name="ro.build.type" value="user"/><property name="ro.carrier" value="unknown"/><property name="persist.radio.nitz_sons_3_0" value=""/><property name="ro.build.version.incremental" value="937116"/><property name="init.svc.adbd" value="running"/><property name="gsm.operator.alpha" value="012 Mobile"/><property name="net.dns2" value=""/><property name="net.dns1" value="10.100.24.1"/><property name="init.svc.rmt_storage" value="running"/><property name="init.svc.ril-daemon" value="running"/><property name="persist.radio.nitz_lons_1_0" value=""/><property name="ro.debuggable" value="0"/><property name="persist.sys.usb.config" value="mtp,adb"/><property name="net.rmnet0.dns1" value=""/><property name="net.rmnet0.dns2" value=""/><property name="init.svc.debuggerd" value="running"/><property name="persist.radio.nitz_lons_0_0" value="ORANGE"/><property name="persist.radio.eons.enabled" value="false"/><property name="persist.radio.custom_ecc" value="1"/><property name="persist.sys.language" value="en"/><property name="persist.radio.nitz_lons_2_0" value=""/><property name="ro.boot.emmc" value="true"/><property name="persist.radio.nitz_lons_3_0" value=""/><property name="ro.factorytest" value="0"/><property name="ro.build.fingerprint" value="google/hammerhead/hammerhead:4.4.2/KOT49H/937116:user/release-keys"/><property name="service.bootanim.exit" value="1"/><property name="persist.radio.snapshot_timer" value="2"/><property name="debug.qualcomm.sns.hal" value="w"/><property name="persist.radio.use_cc_names" value="true"/><property name="ro.build.product" value="hammerhead"/><property name="init.svc.mpdecision" value="running"/><property name="ro.hwui.r_buffer_cache_size" value="8"/><property name="init.svc.p2p_supplicant" value="running"/><property name="persist.audio.fluence.speaker" value="false"/><property name="ro.facelock.est_max_time" value="600"/><property name="net.bt.name" value="Android"/><property name="af.resampler.quality" value="4"/><property name="telephony.lteOnCdmaDevice" value="1"/><property name="ro.qc.sensors.step_detector" value="true"/><property name="ro.bootmode" value="unknown"/><property name="ro.baseband" value="msm"/><property name="ro.runtime.firstboot" value="1395718816908"/><property name="init.svc.thermal-engine" value="running"/><property name="ro.build.host" value="wpef12.hot.corp.google.com"/><property name="dhcp.wlan0.server" value="10.100.24.1"/><property name="ro.build.display.id" value="KOT49H"/><property name="ro.revision" value="11"/><property name="ro.input.noresample" value="1"/><property name="init.svc.healthd" value="running"/><property name="persist.radio.always_send_plmn" value="true"/><property name="ro.product.locale.region" value="US"/><property name="init.svc.sdcard" value="running"/><property name="wifi.interface" value="wlan0"/><property name="persist.sys.timezone" value="Asia/Jerusalem"/><property name="persist.hwc.mdpcomp.enable" value="true"/><property name="persist.radio.nitz_sons_0_0" value="ORANGE"/><property name="ro.hwui.text_small_cache_height" value="1024"/><property name="gsm.operator.numeric" value="42501"/><property name="ro.telephony.default_network" value="10"/><property name="dhcp.wlan0.mtu" value=""/><property name="ro.hwui.text_large_cache_width" value="2048"/><property name="ro.url.legal" value="http://www.google.com/intl/%s/mobile/android/basic/phone-legal.html"/><property name="ro.crypto.state" value="unencrypted"/><property name="net.tcp.buffersize.evdo" value="4094,87380,262144,4096,16384,262144"/><property name="persist.sys.dalvik.vm.lib" value="libdvm.so"/><property name="dalvik.vm.heapstartsize" value="8m"/><property name="ro.boot.bootloader" value="HHZ11k"/><property name="ro.hwui.texture_cache_size" value="72"/><property name="net.tcp.buffersize.hsdpa" value="4094,87380,704512,4096,16384,110208"/><property name="persist.sys.localevar" value=""/><property name="dalvik.vm.heapminfree" value="512k"/><property name="gsm.nitz.time" value="1395727225000"/><property name="ro.qualcomm.sensors.smd" value="true"/><property name="gsm.sim.operator.numeric" value="42501"/><property name="wifi.supplicant_scan_interval" value="15"/><property name="debug.qualcomm.sns.daemon" value="w"/><property name="ro.config.notification_sound" value="Tethys.ogg"/><property name="ro.board.platform" value="msm8974"/><property name="ro.build.date.utc" value="1386201169"/><property name="net.rmnet0.gw" value=""/><property name="ro.product.locale.language" value="en"/><property name="ro.ril.svdo" value="false"/><property name="init.svc.keystore" value="running"/><property name="gsm.defaultpdpcontext.active" value="false"/><property name="dhcp.wlan0.domain" value="mobile-net.hp.com"/><property name="ro.hwui.path_cache_size" value="32"/><property name="ro.hwui.drop_shadow_cache_size" value="6"/><property name="init.svc.netd" value="running"/><property name="dalvik.vm.dexopt-flags" value="m=y"/><property name="ro.build.characteristics" value="nosdcard"/><property name="init.svc.qmuxd" value="running"/><property name="net.tcp.buffersize.lte" value="524288,1048576,2097152,262144,524288,1048576"/><property name="ro.com.android.dateformat" value="MM-dd-yyyy"/><property name="net.tcp.buffersize.default" value="4096,87380,110208,4096,16384,110208"/><property name="net.tcp.buffersize.umts" value="4094,87380,110208,4096,16384,110208"/><property name="sys.usb.state" value="mtp,adb"/><property name="ro.adb.secure" value="1"/><property name="ro.config.alarm_alert" value="Oxygen.ogg"/><property name="gsm.version.ril-impl" value="Qualcomm RIL 1.0"/><property name="ro.product.board" value="hammerhead"/><property name="init.svc.media" value="running"/><property name="ro.build.description" value="hammerhead-user 4.4.2 KOT49H 937116 release-keys"/><property name="camera.disable_zsl_mode" value="1"/><property name="dalvik.vm.heapgrowthlimit" value="192m"/><property name="debug.force_rtl" value="0"/><property name="ro.facelock.black_timeout" value="400"/><property name="init.svc.surfaceflinger" value="running"/><property name="dhcp.wlan0.ipaddress" value="10.100.30.232"/><property name="persist.radio.snapshot_enabled" value="1"/><property name="init.svc.dhcpcd_wlan0" value="running"/><property name="persist.radio.nitz_plmn_0" value="425 01"/><property name="persist.sys.country" value="US"/><property name="ro.qc.sensors.max_gamerv_rate" value="200"/><property name="net.tcp.buffersize.gprs" value="4092,8760,11680,4096,8760,11680"/><property name="ro.qc.sensors.max_geomag_rotvec" value="60"/><property name="init.svc.flash_recovery" value="stopped"/><property name="ro.build.version.release" value="4.4.2"/><property name="net.tcp.buffersize.hspa" value="4094,87380,704512,4096,16384,110208"/><property name="media.aac_51_output_enabled" value="true"/><property name="ro.telephony.call_ring.multiple" value="0"/><property name="ro.facelock.use_intro_anim" value="false"/><property name="ro.url.legal.android_privacy" value="http://www.google.com/intl/%s/mobile/android/basic/privacy.html"/><property name="gsm.current.phone-type" value="1"/><property name="ro.opengles.version" value="196608"/><property name="ro.qc.sensors.max_linacc" value="200"/><property name="ro.qc.sensors.max_gyro_rate" value="200"/><property name="dhcp.wlan0.reason" value="REBOOT"/><property name="dhcp.wlan0.mask" value="255.255.248.0"/><property name="ro.ril.svlte1x" value="false"/><property name="init.svc.installd" value="running"/><property name="dhcp.wlan0.leasetime" value="28800"/><property name="dhcp.wlan0.gateway" value="10.100.24.1"/><property name="ro.hwui.layer_cache_size" value="48"/><property name="ro.hwui.texture_cache_flushrate" value="0.4"/><property name="ro.wifi.channels" value=""/><property name="ro.qualcomm.sensors.game_rv" value="true"/><property name="net.qtaguid_enabled" value="1"/><property name="gsm.network.type" value="HSDPA"/><property name="init.svc.bdAddrLoader" value="stopped"/></properties><testcase classname="com.hayav.test.HelloAndroidActivityTest" name="testActivity" time="0.7030"/></testsuite></testsuites>